0 info it worked if it ends with ok
1 verbose cli [ '/usr/local/Cellar/node/7.6.0/bin/node',
1 verbose cli   '/usr/local/bin/npm',
1 verbose cli   'install' ]
2 info using npm@4.1.2
3 info using node@v7.6.0
4 verbose config Skipping project config: /Users/sahusoft/.npmrc. (matches userconfig)
5 silly loadCurrentTree Starting
6 silly install loadCurrentTree
7 silly install readLocalPackageData
8 silly install normalizeTree
9 silly loadCurrentTree Finishing
10 silly loadIdealTree Starting
11 silly install loadIdealTree
12 silly cloneCurrentTree Starting
13 silly install cloneCurrentTreeToIdealTree
14 silly cloneCurrentTree Finishing
15 silly loadShrinkwrap Starting
16 silly install loadShrinkwrap
17 silly loadShrinkwrap Finishing
18 silly loadAllDepsIntoIdealTree Starting
19 silly install loadAllDepsIntoIdealTree
20 silly loadAllDepsIntoIdealTree Finishing
21 silly loadIdealTree Finishing
22 silly currentTree sahusoft
22 silly currentTree ├── accepts@1.3.3
22 silly currentTree ├── acorn-dynamic-import@2.0.2
22 silly currentTree ├── acorn@4.0.11
22 silly currentTree ├── ajv-keywords@1.5.1
22 silly currentTree ├── ajv@4.11.5
22 silly currentTree ├── align-text@0.1.4
22 silly currentTree ├── ansi-escapes@1.4.0
22 silly currentTree ├── ansi-regex@2.1.1
22 silly currentTree ├── ansi-styles@2.2.1
22 silly currentTree ├── anymatch@1.3.0
22 silly currentTree ├── arr-diff@2.0.0
22 silly currentTree ├── arr-flatten@1.0.1
22 silly currentTree ├── array-flatten@1.1.1
22 silly currentTree ├── array-unique@0.2.1
22 silly currentTree ├── arrify@1.0.1
22 silly currentTree ├── asn1.js@4.9.1
22 silly currentTree ├── assert@1.4.1
22 silly currentTree ├── async-each@1.0.1
22 silly currentTree ├── async@1.5.0
22 silly currentTree ├── babel-code-frame@6.22.0
22 silly currentTree ├── babel-core@6.24.0
22 silly currentTree ├── babel-generator@6.24.0
22 silly currentTree ├── babel-helper-builder-binary-assignment-operator-visitor@6.22.0
22 silly currentTree ├── babel-helper-builder-react-jsx@6.23.0
22 silly currentTree ├── babel-helper-call-delegate@6.22.0
22 silly currentTree ├── babel-helper-define-map@6.23.0
22 silly currentTree ├── babel-helper-explode-assignable-expression@6.22.0
22 silly currentTree ├── babel-helper-function-name@6.23.0
22 silly currentTree ├── babel-helper-get-function-arity@6.22.0
22 silly currentTree ├── babel-helper-hoist-variables@6.22.0
22 silly currentTree ├── babel-helper-optimise-call-expression@6.23.0
22 silly currentTree ├── babel-helper-regex@6.22.0
22 silly currentTree ├── babel-helper-remap-async-to-generator@6.22.0
22 silly currentTree ├── babel-helper-replace-supers@6.23.0
22 silly currentTree ├── babel-helpers@6.23.0
22 silly currentTree ├─┬ babel-loader@6.4.1
22 silly currentTree │ └── loader-utils@0.2.17
22 silly currentTree ├── babel-messages@6.23.0
22 silly currentTree ├── babel-plugin-check-es2015-constants@6.22.0
22 silly currentTree ├── babel-plugin-react-transform@2.0.2
22 silly currentTree ├── babel-plugin-syntax-async-functions@6.13.0
22 silly currentTree ├── babel-plugin-syntax-class-properties@6.13.0
22 silly currentTree ├── babel-plugin-syntax-exponentiation-operator@6.13.0
22 silly currentTree ├── babel-plugin-syntax-flow@6.18.0
22 silly currentTree ├── babel-plugin-syntax-jsx@6.18.0
22 silly currentTree ├── babel-plugin-syntax-object-rest-spread@6.13.0
22 silly currentTree ├── babel-plugin-syntax-trailing-function-commas@6.22.0
22 silly currentTree ├── babel-plugin-transform-async-to-generator@6.22.0
22 silly currentTree ├── babel-plugin-transform-class-properties@6.23.0
22 silly currentTree ├── babel-plugin-transform-es2015-arrow-functions@6.22.0
22 silly currentTree ├── babel-plugin-transform-es2015-block-scoped-functions@6.22.0
22 silly currentTree ├── babel-plugin-transform-es2015-block-scoping@6.23.0
22 silly currentTree ├── babel-plugin-transform-es2015-classes@6.23.0
22 silly currentTree ├── babel-plugin-transform-es2015-computed-properties@6.22.0
22 silly currentTree ├── babel-plugin-transform-es2015-destructuring@6.23.0
22 silly currentTree ├── babel-plugin-transform-es2015-duplicate-keys@6.22.0
22 silly currentTree ├── babel-plugin-transform-es2015-for-of@6.23.0
22 silly currentTree ├── babel-plugin-transform-es2015-function-name@6.22.0
22 silly currentTree ├── babel-plugin-transform-es2015-literals@6.22.0
22 silly currentTree ├── babel-plugin-transform-es2015-modules-amd@6.24.0
22 silly currentTree ├── babel-plugin-transform-es2015-modules-commonjs@6.24.0
22 silly currentTree ├── babel-plugin-transform-es2015-modules-systemjs@6.23.0
22 silly currentTree ├── babel-plugin-transform-es2015-modules-umd@6.24.0
22 silly currentTree ├── babel-plugin-transform-es2015-object-super@6.22.0
22 silly currentTree ├── babel-plugin-transform-es2015-parameters@6.23.0
22 silly currentTree ├── babel-plugin-transform-es2015-shorthand-properties@6.22.0
22 silly currentTree ├── babel-plugin-transform-es2015-spread@6.22.0
22 silly currentTree ├── babel-plugin-transform-es2015-sticky-regex@6.22.0
22 silly currentTree ├── babel-plugin-transform-es2015-template-literals@6.22.0
22 silly currentTree ├── babel-plugin-transform-es2015-typeof-symbol@6.23.0
22 silly currentTree ├── babel-plugin-transform-es2015-unicode-regex@6.22.0
22 silly currentTree ├── babel-plugin-transform-exponentiation-operator@6.22.0
22 silly currentTree ├── babel-plugin-transform-flow-strip-types@6.22.0
22 silly currentTree ├── babel-plugin-transform-object-assign@6.22.0
22 silly currentTree ├── babel-plugin-transform-object-rest-spread@6.23.0
22 silly currentTree ├── babel-plugin-transform-react-display-name@6.23.0
22 silly currentTree ├── babel-plugin-transform-react-jsx-source@6.22.0
22 silly currentTree ├── babel-plugin-transform-react-jsx@6.23.0
22 silly currentTree ├── babel-plugin-transform-regenerator@6.22.0
22 silly currentTree ├── babel-plugin-transform-strict-mode@6.22.0
22 silly currentTree ├── babel-preset-env@1.3.2
22 silly currentTree ├── babel-preset-react-native@1.9.1
22 silly currentTree ├── babel-register@6.24.0
22 silly currentTree ├── babel-runtime@6.23.0
22 silly currentTree ├── babel-template@6.23.0
22 silly currentTree ├── babel-traverse@6.23.1
22 silly currentTree ├── babel-types@6.23.0
22 silly currentTree ├── babel@6.23.0
22 silly currentTree ├── babylon@6.16.1
22 silly currentTree ├── balanced-match@0.4.2
22 silly currentTree ├── base64-js@1.2.0
22 silly currentTree ├── basic-auth@1.1.0
22 silly currentTree ├── big.js@3.1.3
22 silly currentTree ├── binary-extensions@1.8.0
22 silly currentTree ├── bn.js@4.11.6
22 silly currentTree ├── brace-expansion@1.1.6
22 silly currentTree ├── braces@1.8.5
22 silly currentTree ├── brorand@1.1.0
22 silly currentTree ├── browserify-aes@1.0.6
22 silly currentTree ├── browserify-cipher@1.0.0
22 silly currentTree ├── browserify-des@1.0.0
22 silly currentTree ├── browserify-rsa@4.0.1
22 silly currentTree ├── browserify-sign@4.0.4
22 silly currentTree ├── browserify-zlib@0.1.4
22 silly currentTree ├── browserslist@1.7.7
22 silly currentTree ├── buffer-shims@1.0.0
22 silly currentTree ├── buffer-xor@1.0.3
22 silly currentTree ├── buffer@4.9.1
22 silly currentTree ├── builtin-modules@1.1.1
22 silly currentTree ├── builtin-status-codes@3.0.0
22 silly currentTree ├── camelcase-keys@4.1.0
22 silly currentTree ├── camelcase@4.1.0
22 silly currentTree ├── caniuse-db@1.0.30000646
22 silly currentTree ├── center-align@0.1.3
22 silly currentTree ├── chalk@1.1.3
22 silly currentTree ├── chokidar@1.6.1
22 silly currentTree ├── cipher-base@1.0.3
22 silly currentTree ├── clear@0.0.1
22 silly currentTree ├── cli-cursor@2.1.0
22 silly currentTree ├── cli-spinners@1.0.0
22 silly currentTree ├── cli-width@2.1.0
22 silly currentTree ├── cliui@3.2.0
22 silly currentTree ├── co@4.6.0
22 silly currentTree ├── code-point-at@1.1.0
22 silly currentTree ├── commondir@1.0.1
22 silly currentTree ├── concat-map@0.0.1
22 silly currentTree ├── console-browserify@1.1.0
22 silly currentTree ├── constants-browserify@1.0.0
22 silly currentTree ├── content-disposition@0.5.2
22 silly currentTree ├── content-type@1.0.2
22 silly currentTree ├── convert-source-map@1.5.0
22 silly currentTree ├── cookie-signature@1.0.6
22 silly currentTree ├── cookie@0.3.1
22 silly currentTree ├── core-js@2.4.1
22 silly currentTree ├── core-util-is@1.0.2
22 silly currentTree ├── create-ecdh@4.0.0
22 silly currentTree ├── create-hash@1.1.2
22 silly currentTree ├── create-hmac@1.1.4
22 silly currentTree ├── crypto-browserify@3.11.0
22 silly currentTree ├── date-now@0.1.4
22 silly currentTree ├── debug@2.6.3
22 silly currentTree ├── decamelize@1.2.0
22 silly currentTree ├── dedent@0.7.0
22 silly currentTree ├── define-properties@1.1.2
22 silly currentTree ├── depd@1.1.0
22 silly currentTree ├── des.js@1.0.0
22 silly currentTree ├── destroy@1.0.4
22 silly currentTree ├── detect-indent@4.0.0
22 silly currentTree ├── diffie-hellman@5.0.2
22 silly currentTree ├── dom-walk@0.1.1
22 silly currentTree ├── domain-browser@1.1.7
22 silly currentTree ├── ee-first@1.1.1
22 silly currentTree ├── electron-to-chromium@1.3.2
22 silly currentTree ├── elliptic@6.4.0
22 silly currentTree ├── emojis-list@2.1.0
22 silly currentTree ├── encodeurl@1.0.1
22 silly currentTree ├── enhanced-resolve@3.1.0
22 silly currentTree ├── errno@0.1.4
22 silly currentTree ├── error-ex@1.3.1
22 silly currentTree ├── escape-html@1.0.3
22 silly currentTree ├── escape-string-regexp@1.0.5
22 silly currentTree ├── eslint-plugin-prettier@2.0.1
22 silly currentTree ├── esutils@2.0.2
22 silly currentTree ├── etag@1.8.0
22 silly currentTree ├── events@1.1.1
22 silly currentTree ├── evp_bytestokey@1.0.0
22 silly currentTree ├── expand-brackets@0.1.5
22 silly currentTree ├── expand-range@1.8.2
22 silly currentTree ├─┬ express@4.15.2
22 silly currentTree │ └── debug@2.6.1
22 silly currentTree ├── external-editor@2.0.1
22 silly currentTree ├── extglob@0.3.2
22 silly currentTree ├── figures@2.0.0
22 silly currentTree ├── filename-regex@2.0.0
22 silly currentTree ├── fill-range@2.2.3
22 silly currentTree ├── finalhandler@1.0.1
22 silly currentTree ├── find-cache-dir@0.1.1
22 silly currentTree ├── find-up@1.1.2
22 silly currentTree ├── for-in@1.0.2
22 silly currentTree ├── for-own@0.1.5
22 silly currentTree ├── foreach@2.0.5
22 silly currentTree ├── forwarded@0.1.0
22 silly currentTree ├── fresh@0.5.0
22 silly currentTree ├─┬ fsevents@1.1.1
22 silly currentTree │ ├── abbrev@1.1.0
22 silly currentTree │ ├── ansi-regex@2.1.1
22 silly currentTree │ ├── ansi-styles@2.2.1
22 silly currentTree │ ├── aproba@1.1.1
22 silly currentTree │ ├── are-we-there-yet@1.1.2
22 silly currentTree │ ├── asn1@0.2.3
22 silly currentTree │ ├── assert-plus@0.2.0
22 silly currentTree │ ├── asynckit@0.4.0
22 silly currentTree │ ├── aws-sign2@0.6.0
22 silly currentTree │ ├── aws4@1.6.0
22 silly currentTree │ ├── balanced-match@0.4.2
22 silly currentTree │ ├── bcrypt-pbkdf@1.0.1
22 silly currentTree │ ├── block-stream@0.0.9
22 silly currentTree │ ├── boom@2.10.1
22 silly currentTree │ ├── brace-expansion@1.1.6
22 silly currentTree │ ├── buffer-shims@1.0.0
22 silly currentTree │ ├── caseless@0.11.0
22 silly currentTree │ ├── chalk@1.1.3
22 silly currentTree │ ├── code-point-at@1.1.0
22 silly currentTree │ ├── combined-stream@1.0.5
22 silly currentTree │ ├── commander@2.9.0
22 silly currentTree │ ├── concat-map@0.0.1
22 silly currentTree │ ├── console-control-strings@1.1.0
22 silly currentTree │ ├── core-util-is@1.0.2
22 silly currentTree │ ├── cryptiles@2.0.5
22 silly currentTree │ ├─┬ dashdash@1.14.1
22 silly currentTree │ │ └── assert-plus@1.0.0
22 silly currentTree │ ├── debug@2.2.0
22 silly currentTree │ ├── deep-extend@0.4.1
22 silly currentTree │ ├── delayed-stream@1.0.0
22 silly currentTree │ ├── delegates@1.0.0
22 silly currentTree │ ├── ecc-jsbn@0.1.1
22 silly currentTree │ ├── escape-string-regexp@1.0.5
22 silly currentTree │ ├── extend@3.0.0
22 silly currentTree │ ├── extsprintf@1.0.2
22 silly currentTree │ ├── forever-agent@0.6.1
22 silly currentTree │ ├── form-data@2.1.2
22 silly currentTree │ ├── fs.realpath@1.0.0
22 silly currentTree │ ├── fstream-ignore@1.0.5
22 silly currentTree │ ├── fstream@1.0.10
22 silly currentTree │ ├── gauge@2.7.3
22 silly currentTree │ ├── generate-function@2.0.0
22 silly currentTree │ ├── generate-object-property@1.2.0
22 silly currentTree │ ├─┬ getpass@0.1.6
22 silly currentTree │ │ └── assert-plus@1.0.0
22 silly currentTree │ ├── glob@7.1.1
22 silly currentTree │ ├── graceful-fs@4.1.11
22 silly currentTree │ ├── graceful-readlink@1.0.1
22 silly currentTree │ ├── har-validator@2.0.6
22 silly currentTree │ ├── has-ansi@2.0.0
22 silly currentTree │ ├── has-unicode@2.0.1
22 silly currentTree │ ├── hawk@3.1.3
22 silly currentTree │ ├── hoek@2.16.3
22 silly currentTree │ ├── http-signature@1.1.1
22 silly currentTree │ ├── inflight@1.0.6
22 silly currentTree │ ├── inherits@2.0.3
22 silly currentTree │ ├── ini@1.3.4
22 silly currentTree │ ├── is-fullwidth-code-point@1.0.0
22 silly currentTree │ ├── is-my-json-valid@2.15.0
22 silly currentTree │ ├── is-property@1.0.2
22 silly currentTree │ ├── is-typedarray@1.0.0
22 silly currentTree │ ├── isarray@1.0.0
22 silly currentTree │ ├── isstream@0.1.2
22 silly currentTree │ ├── jodid25519@1.0.2
22 silly currentTree │ ├── jsbn@0.1.1
22 silly currentTree │ ├── json-schema@0.2.3
22 silly currentTree │ ├── json-stringify-safe@5.0.1
22 silly currentTree │ ├── jsonpointer@4.0.1
22 silly currentTree │ ├── jsprim@1.3.1
22 silly currentTree │ ├── mime-db@1.26.0
22 silly currentTree │ ├── mime-types@2.1.14
22 silly currentTree │ ├── minimatch@3.0.3
22 silly currentTree │ ├── minimist@0.0.8
22 silly currentTree │ ├── mkdirp@0.5.1
22 silly currentTree │ ├── ms@0.7.1
22 silly currentTree │ ├── node-pre-gyp@0.6.33
22 silly currentTree │ ├── nopt@3.0.6
22 silly currentTree │ ├── npmlog@4.0.2
22 silly currentTree │ ├── number-is-nan@1.0.1
22 silly currentTree │ ├── oauth-sign@0.8.2
22 silly currentTree │ ├── object-assign@4.1.1
22 silly currentTree │ ├── once@1.4.0
22 silly currentTree │ ├── path-is-absolute@1.0.1
22 silly currentTree │ ├── pinkie-promise@2.0.1
22 silly currentTree │ ├── pinkie@2.0.4
22 silly currentTree │ ├── process-nextick-args@1.0.7
22 silly currentTree │ ├── punycode@1.4.1
22 silly currentTree │ ├── qs@6.3.1
22 silly currentTree │ ├─┬ rc@1.1.7
22 silly currentTree │ │ └── minimist@1.2.0
22 silly currentTree │ ├── readable-stream@2.2.2
22 silly currentTree │ ├── request@2.79.0
22 silly currentTree │ ├── rimraf@2.5.4
22 silly currentTree │ ├── semver@5.3.0
22 silly currentTree │ ├── set-blocking@2.0.0
22 silly currentTree │ ├── signal-exit@3.0.2
22 silly currentTree │ ├── sntp@1.0.9
22 silly currentTree │ ├─┬ sshpk@1.10.2
22 silly currentTree │ │ └── assert-plus@1.0.0
22 silly currentTree │ ├── string-width@1.0.2
22 silly currentTree │ ├── string_decoder@0.10.31
22 silly currentTree │ ├── stringstream@0.0.5
22 silly currentTree │ ├── strip-ansi@3.0.1
22 silly currentTree │ ├── strip-json-comments@2.0.1
22 silly currentTree │ ├── supports-color@2.0.0
22 silly currentTree │ ├─┬ tar-pack@3.3.0
22 silly currentTree │ │ ├── once@1.3.3
22 silly currentTree │ │ └── readable-stream@2.1.5
22 silly currentTree │ ├── tar@2.2.1
22 silly currentTree │ ├── tough-cookie@2.3.2
22 silly currentTree │ ├── tunnel-agent@0.4.3
22 silly currentTree │ ├── tweetnacl@0.14.5
22 silly currentTree │ ├── uid-number@0.0.6
22 silly currentTree │ ├── util-deprecate@1.0.2
22 silly currentTree │ ├── uuid@3.0.1
22 silly currentTree │ ├── verror@1.3.6
22 silly currentTree │ ├── wide-align@1.1.0
22 silly currentTree │ ├── wrappy@1.0.2
22 silly currentTree │ └── xtend@4.0.1
22 silly currentTree ├── function-bind@1.1.0
22 silly currentTree ├── get-caller-file@1.0.2
22 silly currentTree ├── glob-base@0.3.0
22 silly currentTree ├── glob-parent@2.0.0
22 silly currentTree ├── global@4.3.1
22 silly currentTree ├── globals@9.17.0
22 silly currentTree ├── graceful-fs@4.1.11
22 silly currentTree ├─┬ happypack@3.0.3
22 silly currentTree │ └── loader-utils@0.2.16
22 silly currentTree ├── has-ansi@2.0.0
22 silly currentTree ├── has-flag@1.0.0
22 silly currentTree ├── hash.js@1.0.3
22 silly currentTree ├── hasha@2.2.0
22 silly currentTree ├── haul-cli@0.1.2
22 silly currentTree ├── hmac-drbg@1.0.0
22 silly currentTree ├── home-or-tmp@2.0.0
22 silly currentTree ├── hosted-git-info@2.4.1
22 silly currentTree ├── http-errors@1.6.1
22 silly currentTree ├── https-browserify@0.0.1
22 silly currentTree ├── ieee754@1.1.8
22 silly currentTree ├── image-size@0.5.1
22 silly currentTree ├── indexof@0.0.1
22 silly currentTree ├── inherits@2.0.3
22 silly currentTree ├─┬ inquirer@3.0.6
22 silly currentTree │ ├── is-fullwidth-code-point@2.0.0
22 silly currentTree │ └── string-width@2.0.0
22 silly currentTree ├── interpret@1.0.2
22 silly currentTree ├── invariant@2.2.2
22 silly currentTree ├── invert-kv@1.0.0
22 silly currentTree ├── ipaddr.js@1.3.0
22 silly currentTree ├── is-arrayish@0.2.1
22 silly currentTree ├── is-binary-path@1.0.1
22 silly currentTree ├── is-buffer@1.1.5
22 silly currentTree ├── is-builtin-module@1.0.0
22 silly currentTree ├── is-dotfile@1.0.2
22 silly currentTree ├── is-equal-shallow@0.1.3
22 silly currentTree ├── is-extendable@0.1.1
22 silly currentTree ├── is-extglob@1.0.0
22 silly currentTree ├── is-finite@1.0.2
22 silly currentTree ├── is-fullwidth-code-point@1.0.0
22 silly currentTree ├── is-glob@2.0.1
22 silly currentTree ├── is-number@2.1.0
22 silly currentTree ├── is-posix-bracket@0.1.1
22 silly currentTree ├── is-primitive@2.0.0
22 silly currentTree ├── is-promise@2.1.0
22 silly currentTree ├── is-stream@1.1.0
22 silly currentTree ├── is-utf8@0.2.1
22 silly currentTree ├── isarray@1.0.0
22 silly currentTree ├── isobject@2.1.0
22 silly currentTree ├── js-tokens@3.0.1
22 silly currentTree ├── jsesc@1.3.0
22 silly currentTree ├── json-loader@0.5.4
22 silly currentTree ├── json-stable-stringify@1.0.1
22 silly currentTree ├── json-stringify-safe@5.0.1
22 silly currentTree ├── json5@0.5.1
22 silly currentTree ├── jsonify@0.0.0
22 silly currentTree ├── kind-of@3.1.0
22 silly currentTree ├── lazy-cache@1.0.4
22 silly currentTree ├── lcid@1.0.0
22 silly currentTree ├── load-json-file@1.1.0
22 silly currentTree ├── loader-runner@2.3.0
22 silly currentTree ├── loader-utils@1.1.0
22 silly currentTree ├── lodash@4.17.4
22 silly currentTree ├── log-symbols@1.0.2
22 silly currentTree ├── longest@1.0.1
22 silly currentTree ├── loose-envify@1.3.1
22 silly currentTree ├── map-obj@2.0.0
22 silly currentTree ├── media-typer@0.3.0
22 silly currentTree ├── memory-fs@0.4.1
22 silly currentTree ├── merge-descriptors@1.0.1
22 silly currentTree ├── methods@1.1.2
22 silly currentTree ├── micromatch@2.3.11
22 silly currentTree ├── miller-rabin@4.0.0
22 silly currentTree ├── mime-db@1.27.0
22 silly currentTree ├── mime-types@2.1.15
22 silly currentTree ├── mime@1.3.4
22 silly currentTree ├── mimic-fn@1.1.0
22 silly currentTree ├── min-document@2.19.0
22 silly currentTree ├── minimalistic-assert@1.0.0
22 silly currentTree ├── minimalistic-crypto-utils@1.0.1
22 silly currentTree ├── minimatch@3.0.3
22 silly currentTree ├── minimist@1.2.0
22 silly currentTree ├─┬ mkdirp@0.5.1
22 silly currentTree │ └── minimist@0.0.8
22 silly currentTree ├─┬ morgan@1.8.1
22 silly currentTree │ └── debug@2.6.1
22 silly currentTree ├── ms@0.7.2
22 silly currentTree ├── mute-stream@0.0.7
22 silly currentTree ├── nan@2.5.1
22 silly currentTree ├── negotiator@0.6.1
22 silly currentTree ├── node-emoji@1.5.1
22 silly currentTree ├─┬ node-libs-browser@2.0.0
22 silly currentTree │ └── process@0.11.9
22 silly currentTree ├── normalize-package-data@2.3.6
22 silly currentTree ├── normalize-path@2.1.1
22 silly currentTree ├── number-is-nan@1.0.1
22 silly currentTree ├── object-assign@4.1.1
22 silly currentTree ├── object-keys@1.0.11
22 silly currentTree ├── object.assign@4.0.4
22 silly currentTree ├── object.omit@2.0.1
22 silly currentTree ├── on-finished@2.3.0
22 silly currentTree ├── on-headers@1.0.1
22 silly currentTree ├── onetime@2.0.1
22 silly currentTree ├── opn@4.0.2
22 silly currentTree ├── ora@1.2.0
22 silly currentTree ├── os-browserify@0.2.1
22 silly currentTree ├── os-homedir@1.0.2
22 silly currentTree ├── os-locale@1.4.0
22 silly currentTree ├── os-tmpdir@1.0.2
22 silly currentTree ├── pako@0.2.9
22 silly currentTree ├── parse-asn1@5.1.0
22 silly currentTree ├── parse-glob@3.0.4
22 silly currentTree ├── parse-json@2.2.0
22 silly currentTree ├── parseurl@1.3.1
22 silly currentTree ├── path-browserify@0.0.0
22 silly currentTree ├── path-exists@2.1.0
22 silly currentTree ├── path-is-absolute@1.0.1
22 silly currentTree ├── path-to-regexp@0.1.7
22 silly currentTree ├── path-type@1.1.0
22 silly currentTree ├── pbkdf2@3.0.9
22 silly currentTree ├── pify@2.3.0
22 silly currentTree ├── pinkie-promise@2.0.1
22 silly currentTree ├── pinkie@2.0.4
22 silly currentTree ├── pkg-dir@1.0.0
22 silly currentTree ├── preserve@0.2.0
22 silly currentTree ├── private@0.1.7
22 silly currentTree ├── process-nextick-args@1.0.7
22 silly currentTree ├── process@0.5.2
22 silly currentTree ├── progress-bar-webpack-plugin@1.9.3
22 silly currentTree ├── progress@1.1.8
22 silly currentTree ├── proxy-addr@1.1.4
22 silly currentTree ├── prr@0.0.0
22 silly currentTree ├── public-encrypt@4.0.0
22 silly currentTree ├── punycode@1.4.1
22 silly currentTree ├── qs@6.4.0
22 silly currentTree ├── querystring-es3@0.2.1
22 silly currentTree ├── querystring@0.2.0
22 silly currentTree ├── quick-lru@1.0.0
22 silly currentTree ├── randomatic@1.1.6
22 silly currentTree ├── randombytes@2.0.3
22 silly currentTree ├── range-parser@1.2.0
22 silly currentTree ├── react-deep-force-update@1.0.1
22 silly currentTree ├── react-proxy@1.1.8
22 silly currentTree ├── react-transform-hmr@1.0.4
22 silly currentTree ├── read-pkg-up@1.0.1
22 silly currentTree ├── read-pkg@1.1.0
22 silly currentTree ├── readable-stream@2.2.6
22 silly currentTree ├── readdirp@2.1.0
22 silly currentTree ├── regenerate@1.3.2
22 silly currentTree ├── regenerator-runtime@0.10.3
22 silly currentTree ├── regenerator-transform@0.9.8
22 silly currentTree ├── regex-cache@0.4.3
22 silly currentTree ├── regexpu-core@2.0.0
22 silly currentTree ├── regjsgen@0.2.0
22 silly currentTree ├─┬ regjsparser@0.1.5
22 silly currentTree │ └── jsesc@0.5.0
22 silly currentTree ├── remove-trailing-separator@1.0.1
22 silly currentTree ├── repeat-element@1.1.2
22 silly currentTree ├── repeat-string@1.6.1
22 silly currentTree ├── repeating@2.0.1
22 silly currentTree ├── require-directory@2.1.1
22 silly currentTree ├── require-main-filename@1.0.1
22 silly currentTree ├── requireindex@1.1.0
22 silly currentTree ├── restore-cursor@2.0.0
22 silly currentTree ├── right-align@0.1.3
22 silly currentTree ├── ripemd160@1.0.1
22 silly currentTree ├── run-async@2.3.0
22 silly currentTree ├── rx@4.1.0
22 silly currentTree ├── semver@5.3.0
22 silly currentTree ├─┬ send@0.15.1
22 silly currentTree │ └── debug@2.6.1
22 silly currentTree ├── serialize-error@2.1.0
22 silly currentTree ├── serve-static@1.12.1
22 silly currentTree ├── set-blocking@2.0.0
22 silly currentTree ├── set-immediate-shim@1.0.1
22 silly currentTree ├── setimmediate@1.0.5
22 silly currentTree ├── setprototypeof@1.0.3
22 silly currentTree ├── sha.js@2.4.8
22 silly currentTree ├── signal-exit@3.0.2
22 silly currentTree ├── slash@1.0.0
22 silly currentTree ├── source-list-map@1.1.1
22 silly currentTree ├── source-map-support@0.4.14
22 silly currentTree ├── source-map@0.5.6
22 silly currentTree ├── spdx-correct@1.0.2
22 silly currentTree ├── spdx-expression-parse@1.0.4
22 silly currentTree ├── spdx-license-ids@1.2.2
22 silly currentTree ├── statuses@1.3.1
22 silly currentTree ├── stream-browserify@2.0.1
22 silly currentTree ├── stream-http@2.6.3
22 silly currentTree ├── string-width@1.0.2
22 silly currentTree ├── string.prototype.codepointat@0.2.0
22 silly currentTree ├── string_decoder@0.10.31
22 silly currentTree ├── strip-ansi@3.0.1
22 silly currentTree ├── strip-bom@2.0.0
22 silly currentTree ├── supports-color@2.0.0
22 silly currentTree ├── tapable@0.2.6
22 silly currentTree ├── through@2.3.8
22 silly currentTree ├── timers-browserify@2.0.2
22 silly currentTree ├── tmp@0.0.31
22 silly currentTree ├── to-arraybuffer@1.0.1
22 silly currentTree ├── to-fast-properties@1.0.2
22 silly currentTree ├── trim-right@1.0.1
22 silly currentTree ├── tty-browserify@0.0.0
22 silly currentTree ├── type-is@1.6.14
22 silly currentTree ├─┬ uglify-js@2.8.18
22 silly currentTree │ ├── camelcase@1.2.1
22 silly currentTree │ ├── cliui@2.1.0
22 silly currentTree │ └── yargs@3.10.0
22 silly currentTree ├── uglify-to-browserify@1.0.2
22 silly currentTree ├── ultron@1.1.0
22 silly currentTree ├── unpipe@1.0.0
22 silly currentTree ├─┬ url@0.11.0
22 silly currentTree │ └── punycode@1.3.2
22 silly currentTree ├── util-deprecate@1.0.2
22 silly currentTree ├─┬ util@0.10.3
22 silly currentTree │ └── inherits@2.0.1
22 silly currentTree ├── utils-merge@1.0.0
22 silly currentTree ├── validate-npm-package-license@3.0.1
22 silly currentTree ├── vary@1.1.1
22 silly currentTree ├── vm-browserify@0.0.4
22 silly currentTree ├─┬ watchpack@1.3.1
22 silly currentTree │ └── async@2.2.0
22 silly currentTree ├── webpack-dev-middleware@1.10.1
22 silly currentTree ├── webpack-sources@0.2.3
22 silly currentTree ├─┬ webpack@2.3.2
22 silly currentTree │ ├── async@2.2.0
22 silly currentTree │ ├── loader-utils@0.2.17
22 silly currentTree │ └── supports-color@3.2.3
22 silly currentTree ├── which-module@1.0.0
22 silly currentTree ├── window-size@0.1.0
22 silly currentTree ├── wordwrap@0.0.2
22 silly currentTree ├── wrap-ansi@2.1.0
22 silly currentTree ├── ws@2.2.2
22 silly currentTree ├── xtend@4.0.1
22 silly currentTree ├── y18n@3.2.1
22 silly currentTree ├─┬ yargs-parser@4.2.1
22 silly currentTree │ └── camelcase@3.0.0
22 silly currentTree └─┬ yargs@6.6.0
22 silly currentTree   └── camelcase@3.0.0
23 silly idealTree sahusoft
23 silly idealTree ├── accepts@1.3.3
23 silly idealTree ├── acorn-dynamic-import@2.0.2
23 silly idealTree ├── acorn@4.0.11
23 silly idealTree ├── ajv-keywords@1.5.1
23 silly idealTree ├── ajv@4.11.5
23 silly idealTree ├── align-text@0.1.4
23 silly idealTree ├── ansi-escapes@1.4.0
23 silly idealTree ├── ansi-regex@2.1.1
23 silly idealTree ├── ansi-styles@2.2.1
23 silly idealTree ├── anymatch@1.3.0
23 silly idealTree ├── arr-diff@2.0.0
23 silly idealTree ├── arr-flatten@1.0.1
23 silly idealTree ├── array-flatten@1.1.1
23 silly idealTree ├── array-unique@0.2.1
23 silly idealTree ├── arrify@1.0.1
23 silly idealTree ├── asn1.js@4.9.1
23 silly idealTree ├── assert@1.4.1
23 silly idealTree ├── async-each@1.0.1
23 silly idealTree ├── async@1.5.0
23 silly idealTree ├── babel-code-frame@6.22.0
23 silly idealTree ├── babel-core@6.24.0
23 silly idealTree ├── babel-generator@6.24.0
23 silly idealTree ├── babel-helper-builder-binary-assignment-operator-visitor@6.22.0
23 silly idealTree ├── babel-helper-builder-react-jsx@6.23.0
23 silly idealTree ├── babel-helper-call-delegate@6.22.0
23 silly idealTree ├── babel-helper-define-map@6.23.0
23 silly idealTree ├── babel-helper-explode-assignable-expression@6.22.0
23 silly idealTree ├── babel-helper-function-name@6.23.0
23 silly idealTree ├── babel-helper-get-function-arity@6.22.0
23 silly idealTree ├── babel-helper-hoist-variables@6.22.0
23 silly idealTree ├── babel-helper-optimise-call-expression@6.23.0
23 silly idealTree ├── babel-helper-regex@6.22.0
23 silly idealTree ├── babel-helper-remap-async-to-generator@6.22.0
23 silly idealTree ├── babel-helper-replace-supers@6.23.0
23 silly idealTree ├── babel-helpers@6.23.0
23 silly idealTree ├─┬ babel-loader@6.4.1
23 silly idealTree │ └── loader-utils@0.2.17
23 silly idealTree ├── babel-messages@6.23.0
23 silly idealTree ├── babel-plugin-check-es2015-constants@6.22.0
23 silly idealTree ├── babel-plugin-react-transform@2.0.2
23 silly idealTree ├── babel-plugin-syntax-async-functions@6.13.0
23 silly idealTree ├── babel-plugin-syntax-class-properties@6.13.0
23 silly idealTree ├── babel-plugin-syntax-exponentiation-operator@6.13.0
23 silly idealTree ├── babel-plugin-syntax-flow@6.18.0
23 silly idealTree ├── babel-plugin-syntax-jsx@6.18.0
23 silly idealTree ├── babel-plugin-syntax-object-rest-spread@6.13.0
23 silly idealTree ├── babel-plugin-syntax-trailing-function-commas@6.22.0
23 silly idealTree ├── babel-plugin-transform-async-to-generator@6.22.0
23 silly idealTree ├── babel-plugin-transform-class-properties@6.23.0
23 silly idealTree ├── babel-plugin-transform-es2015-arrow-functions@6.22.0
23 silly idealTree ├── babel-plugin-transform-es2015-block-scoped-functions@6.22.0
23 silly idealTree ├── babel-plugin-transform-es2015-block-scoping@6.23.0
23 silly idealTree ├── babel-plugin-transform-es2015-classes@6.23.0
23 silly idealTree ├── babel-plugin-transform-es2015-computed-properties@6.22.0
23 silly idealTree ├── babel-plugin-transform-es2015-destructuring@6.23.0
23 silly idealTree ├── babel-plugin-transform-es2015-duplicate-keys@6.22.0
23 silly idealTree ├── babel-plugin-transform-es2015-for-of@6.23.0
23 silly idealTree ├── babel-plugin-transform-es2015-function-name@6.22.0
23 silly idealTree ├── babel-plugin-transform-es2015-literals@6.22.0
23 silly idealTree ├── babel-plugin-transform-es2015-modules-amd@6.24.0
23 silly idealTree ├── babel-plugin-transform-es2015-modules-commonjs@6.24.0
23 silly idealTree ├── babel-plugin-transform-es2015-modules-systemjs@6.23.0
23 silly idealTree ├── babel-plugin-transform-es2015-modules-umd@6.24.0
23 silly idealTree ├── babel-plugin-transform-es2015-object-super@6.22.0
23 silly idealTree ├── babel-plugin-transform-es2015-parameters@6.23.0
23 silly idealTree ├── babel-plugin-transform-es2015-shorthand-properties@6.22.0
23 silly idealTree ├── babel-plugin-transform-es2015-spread@6.22.0
23 silly idealTree ├── babel-plugin-transform-es2015-sticky-regex@6.22.0
23 silly idealTree ├── babel-plugin-transform-es2015-template-literals@6.22.0
23 silly idealTree ├── babel-plugin-transform-es2015-typeof-symbol@6.23.0
23 silly idealTree ├── babel-plugin-transform-es2015-unicode-regex@6.22.0
23 silly idealTree ├── babel-plugin-transform-exponentiation-operator@6.22.0
23 silly idealTree ├── babel-plugin-transform-flow-strip-types@6.22.0
23 silly idealTree ├── babel-plugin-transform-object-assign@6.22.0
23 silly idealTree ├── babel-plugin-transform-object-rest-spread@6.23.0
23 silly idealTree ├── babel-plugin-transform-react-display-name@6.23.0
23 silly idealTree ├── babel-plugin-transform-react-jsx-source@6.22.0
23 silly idealTree ├── babel-plugin-transform-react-jsx@6.23.0
23 silly idealTree ├── babel-plugin-transform-regenerator@6.22.0
23 silly idealTree ├── babel-plugin-transform-strict-mode@6.22.0
23 silly idealTree ├── babel-preset-env@1.3.2
23 silly idealTree ├── babel-preset-react-native@1.9.1
23 silly idealTree ├── babel-register@6.24.0
23 silly idealTree ├── babel-runtime@6.23.0
23 silly idealTree ├── babel-template@6.23.0
23 silly idealTree ├── babel-traverse@6.23.1
23 silly idealTree ├── babel-types@6.23.0
23 silly idealTree ├── babel@6.23.0
23 silly idealTree ├── babylon@6.16.1
23 silly idealTree ├── balanced-match@0.4.2
23 silly idealTree ├── base64-js@1.2.0
23 silly idealTree ├── basic-auth@1.1.0
23 silly idealTree ├── big.js@3.1.3
23 silly idealTree ├── binary-extensions@1.8.0
23 silly idealTree ├── bn.js@4.11.6
23 silly idealTree ├── brace-expansion@1.1.6
23 silly idealTree ├── braces@1.8.5
23 silly idealTree ├── brorand@1.1.0
23 silly idealTree ├── browserify-aes@1.0.6
23 silly idealTree ├── browserify-cipher@1.0.0
23 silly idealTree ├── browserify-des@1.0.0
23 silly idealTree ├── browserify-rsa@4.0.1
23 silly idealTree ├── browserify-sign@4.0.4
23 silly idealTree ├── browserify-zlib@0.1.4
23 silly idealTree ├── browserslist@1.7.7
23 silly idealTree ├── buffer-shims@1.0.0
23 silly idealTree ├── buffer-xor@1.0.3
23 silly idealTree ├── buffer@4.9.1
23 silly idealTree ├── builtin-modules@1.1.1
23 silly idealTree ├── builtin-status-codes@3.0.0
23 silly idealTree ├── camelcase-keys@4.1.0
23 silly idealTree ├── camelcase@4.1.0
23 silly idealTree ├── caniuse-db@1.0.30000646
23 silly idealTree ├── center-align@0.1.3
23 silly idealTree ├── chalk@1.1.3
23 silly idealTree ├── chokidar@1.6.1
23 silly idealTree ├── cipher-base@1.0.3
23 silly idealTree ├── clear@0.0.1
23 silly idealTree ├── cli-cursor@2.1.0
23 silly idealTree ├── cli-spinners@1.0.0
23 silly idealTree ├── cli-width@2.1.0
23 silly idealTree ├── cliui@3.2.0
23 silly idealTree ├── co@4.6.0
23 silly idealTree ├── code-point-at@1.1.0
23 silly idealTree ├── commondir@1.0.1
23 silly idealTree ├── concat-map@0.0.1
23 silly idealTree ├── console-browserify@1.1.0
23 silly idealTree ├── constants-browserify@1.0.0
23 silly idealTree ├── content-disposition@0.5.2
23 silly idealTree ├── content-type@1.0.2
23 silly idealTree ├── convert-source-map@1.5.0
23 silly idealTree ├── cookie-signature@1.0.6
23 silly idealTree ├── cookie@0.3.1
23 silly idealTree ├── core-js@2.4.1
23 silly idealTree ├── core-util-is@1.0.2
23 silly idealTree ├── create-ecdh@4.0.0
23 silly idealTree ├── create-hash@1.1.2
23 silly idealTree ├── create-hmac@1.1.4
23 silly idealTree ├── crypto-browserify@3.11.0
23 silly idealTree ├── date-now@0.1.4
23 silly idealTree ├── debug@2.6.3
23 silly idealTree ├── decamelize@1.2.0
23 silly idealTree ├── dedent@0.7.0
23 silly idealTree ├── define-properties@1.1.2
23 silly idealTree ├── depd@1.1.0
23 silly idealTree ├── des.js@1.0.0
23 silly idealTree ├── destroy@1.0.4
23 silly idealTree ├── detect-indent@4.0.0
23 silly idealTree ├── diffie-hellman@5.0.2
23 silly idealTree ├── dom-walk@0.1.1
23 silly idealTree ├── domain-browser@1.1.7
23 silly idealTree ├── ee-first@1.1.1
23 silly idealTree ├── electron-to-chromium@1.3.2
23 silly idealTree ├── elliptic@6.4.0
23 silly idealTree ├── emojis-list@2.1.0
23 silly idealTree ├── encodeurl@1.0.1
23 silly idealTree ├── enhanced-resolve@3.1.0
23 silly idealTree ├── errno@0.1.4
23 silly idealTree ├── error-ex@1.3.1
23 silly idealTree ├── escape-html@1.0.3
23 silly idealTree ├── escape-string-regexp@1.0.5
23 silly idealTree ├── eslint-plugin-prettier@2.0.1
23 silly idealTree ├── esutils@2.0.2
23 silly idealTree ├── etag@1.8.0
23 silly idealTree ├── events@1.1.1
23 silly idealTree ├── evp_bytestokey@1.0.0
23 silly idealTree ├── expand-brackets@0.1.5
23 silly idealTree ├── expand-range@1.8.2
23 silly idealTree ├─┬ express@4.15.2
23 silly idealTree │ └── debug@2.6.1
23 silly idealTree ├── external-editor@2.0.1
23 silly idealTree ├── extglob@0.3.2
23 silly idealTree ├── figures@2.0.0
23 silly idealTree ├── filename-regex@2.0.0
23 silly idealTree ├── fill-range@2.2.3
23 silly idealTree ├── finalhandler@1.0.1
23 silly idealTree ├── find-cache-dir@0.1.1
23 silly idealTree ├── find-up@1.1.2
23 silly idealTree ├── for-in@1.0.2
23 silly idealTree ├── for-own@0.1.5
23 silly idealTree ├── foreach@2.0.5
23 silly idealTree ├── forwarded@0.1.0
23 silly idealTree ├── fresh@0.5.0
23 silly idealTree ├─┬ fsevents@1.1.1
23 silly idealTree │ ├── abbrev@1.1.0
23 silly idealTree │ ├── ansi-regex@2.1.1
23 silly idealTree │ ├── ansi-styles@2.2.1
23 silly idealTree │ ├── aproba@1.1.1
23 silly idealTree │ ├── are-we-there-yet@1.1.2
23 silly idealTree │ ├── asn1@0.2.3
23 silly idealTree │ ├── assert-plus@0.2.0
23 silly idealTree │ ├── asynckit@0.4.0
23 silly idealTree │ ├── aws-sign2@0.6.0
23 silly idealTree │ ├── aws4@1.6.0
23 silly idealTree │ ├── balanced-match@0.4.2
23 silly idealTree │ ├── bcrypt-pbkdf@1.0.1
23 silly idealTree │ ├── block-stream@0.0.9
23 silly idealTree │ ├── boom@2.10.1
23 silly idealTree │ ├── brace-expansion@1.1.6
23 silly idealTree │ ├── buffer-shims@1.0.0
23 silly idealTree │ ├── caseless@0.11.0
23 silly idealTree │ ├── chalk@1.1.3
23 silly idealTree │ ├── code-point-at@1.1.0
23 silly idealTree │ ├── combined-stream@1.0.5
23 silly idealTree │ ├── commander@2.9.0
23 silly idealTree │ ├── concat-map@0.0.1
23 silly idealTree │ ├── console-control-strings@1.1.0
23 silly idealTree │ ├── core-util-is@1.0.2
23 silly idealTree │ ├── cryptiles@2.0.5
23 silly idealTree │ ├─┬ dashdash@1.14.1
23 silly idealTree │ │ └── assert-plus@1.0.0
23 silly idealTree │ ├── debug@2.2.0
23 silly idealTree │ ├── deep-extend@0.4.1
23 silly idealTree │ ├── delayed-stream@1.0.0
23 silly idealTree │ ├── delegates@1.0.0
23 silly idealTree │ ├── ecc-jsbn@0.1.1
23 silly idealTree │ ├── escape-string-regexp@1.0.5
23 silly idealTree │ ├── extend@3.0.0
23 silly idealTree │ ├── extsprintf@1.0.2
23 silly idealTree │ ├── forever-agent@0.6.1
23 silly idealTree │ ├── form-data@2.1.2
23 silly idealTree │ ├── fs.realpath@1.0.0
23 silly idealTree │ ├── fstream-ignore@1.0.5
23 silly idealTree │ ├── fstream@1.0.10
23 silly idealTree │ ├── gauge@2.7.3
23 silly idealTree │ ├── generate-function@2.0.0
23 silly idealTree │ ├── generate-object-property@1.2.0
23 silly idealTree │ ├─┬ getpass@0.1.6
23 silly idealTree │ │ └── assert-plus@1.0.0
23 silly idealTree │ ├── glob@7.1.1
23 silly idealTree │ ├── graceful-fs@4.1.11
23 silly idealTree │ ├── graceful-readlink@1.0.1
23 silly idealTree │ ├── har-validator@2.0.6
23 silly idealTree │ ├── has-ansi@2.0.0
23 silly idealTree │ ├── has-unicode@2.0.1
23 silly idealTree │ ├── hawk@3.1.3
23 silly idealTree │ ├── hoek@2.16.3
23 silly idealTree │ ├── http-signature@1.1.1
23 silly idealTree │ ├── inflight@1.0.6
23 silly idealTree │ ├── inherits@2.0.3
23 silly idealTree │ ├── ini@1.3.4
23 silly idealTree │ ├── is-fullwidth-code-point@1.0.0
23 silly idealTree │ ├── is-my-json-valid@2.15.0
23 silly idealTree │ ├── is-property@1.0.2
23 silly idealTree │ ├── is-typedarray@1.0.0
23 silly idealTree │ ├── isarray@1.0.0
23 silly idealTree │ ├── isstream@0.1.2
23 silly idealTree │ ├── jodid25519@1.0.2
23 silly idealTree │ ├── jsbn@0.1.1
23 silly idealTree │ ├── json-schema@0.2.3
23 silly idealTree │ ├── json-stringify-safe@5.0.1
23 silly idealTree │ ├── jsonpointer@4.0.1
23 silly idealTree │ ├── jsprim@1.3.1
23 silly idealTree │ ├── mime-db@1.26.0
23 silly idealTree │ ├── mime-types@2.1.14
23 silly idealTree │ ├── minimatch@3.0.3
23 silly idealTree │ ├── minimist@0.0.8
23 silly idealTree │ ├── mkdirp@0.5.1
23 silly idealTree │ ├── ms@0.7.1
23 silly idealTree │ ├── node-pre-gyp@0.6.33
23 silly idealTree │ ├── nopt@3.0.6
23 silly idealTree │ ├── npmlog@4.0.2
23 silly idealTree │ ├── number-is-nan@1.0.1
23 silly idealTree │ ├── oauth-sign@0.8.2
23 silly idealTree │ ├── object-assign@4.1.1
23 silly idealTree │ ├── once@1.4.0
23 silly idealTree │ ├── path-is-absolute@1.0.1
23 silly idealTree │ ├── pinkie-promise@2.0.1
23 silly idealTree │ ├── pinkie@2.0.4
23 silly idealTree │ ├── process-nextick-args@1.0.7
23 silly idealTree │ ├── punycode@1.4.1
23 silly idealTree │ ├── qs@6.3.1
23 silly idealTree │ ├─┬ rc@1.1.7
23 silly idealTree │ │ └── minimist@1.2.0
23 silly idealTree │ ├── readable-stream@2.2.2
23 silly idealTree │ ├── request@2.79.0
23 silly idealTree │ ├── rimraf@2.5.4
23 silly idealTree │ ├── semver@5.3.0
23 silly idealTree │ ├── set-blocking@2.0.0
23 silly idealTree │ ├── signal-exit@3.0.2
23 silly idealTree │ ├── sntp@1.0.9
23 silly idealTree │ ├─┬ sshpk@1.10.2
23 silly idealTree │ │ └── assert-plus@1.0.0
23 silly idealTree │ ├── string-width@1.0.2
23 silly idealTree │ ├── string_decoder@0.10.31
23 silly idealTree │ ├── stringstream@0.0.5
23 silly idealTree │ ├── strip-ansi@3.0.1
23 silly idealTree │ ├── strip-json-comments@2.0.1
23 silly idealTree │ ├── supports-color@2.0.0
23 silly idealTree │ ├─┬ tar-pack@3.3.0
23 silly idealTree │ │ ├── once@1.3.3
23 silly idealTree │ │ └── readable-stream@2.1.5
23 silly idealTree │ ├── tar@2.2.1
23 silly idealTree │ ├── tough-cookie@2.3.2
23 silly idealTree │ ├── tunnel-agent@0.4.3
23 silly idealTree │ ├── tweetnacl@0.14.5
23 silly idealTree │ ├── uid-number@0.0.6
23 silly idealTree │ ├── util-deprecate@1.0.2
23 silly idealTree │ ├── uuid@3.0.1
23 silly idealTree │ ├── verror@1.3.6
23 silly idealTree │ ├── wide-align@1.1.0
23 silly idealTree │ ├── wrappy@1.0.2
23 silly idealTree │ └── xtend@4.0.1
23 silly idealTree ├── function-bind@1.1.0
23 silly idealTree ├── get-caller-file@1.0.2
23 silly idealTree ├── glob-base@0.3.0
23 silly idealTree ├── glob-parent@2.0.0
23 silly idealTree ├── global@4.3.1
23 silly idealTree ├── globals@9.17.0
23 silly idealTree ├── graceful-fs@4.1.11
23 silly idealTree ├─┬ happypack@3.0.3
23 silly idealTree │ └── loader-utils@0.2.16
23 silly idealTree ├── has-ansi@2.0.0
23 silly idealTree ├── has-flag@1.0.0
23 silly idealTree ├── hash.js@1.0.3
23 silly idealTree ├── hasha@2.2.0
23 silly idealTree ├── haul-cli@0.1.2
23 silly idealTree ├── hmac-drbg@1.0.0
23 silly idealTree ├── home-or-tmp@2.0.0
23 silly idealTree ├── hosted-git-info@2.4.1
23 silly idealTree ├── http-errors@1.6.1
23 silly idealTree ├── https-browserify@0.0.1
23 silly idealTree ├── ieee754@1.1.8
23 silly idealTree ├── image-size@0.5.1
23 silly idealTree ├── indexof@0.0.1
23 silly idealTree ├── inherits@2.0.3
23 silly idealTree ├─┬ inquirer@3.0.6
23 silly idealTree │ ├── is-fullwidth-code-point@2.0.0
23 silly idealTree │ └── string-width@2.0.0
23 silly idealTree ├── interpret@1.0.2
23 silly idealTree ├── invariant@2.2.2
23 silly idealTree ├── invert-kv@1.0.0
23 silly idealTree ├── ipaddr.js@1.3.0
23 silly idealTree ├── is-arrayish@0.2.1
23 silly idealTree ├── is-binary-path@1.0.1
23 silly idealTree ├── is-buffer@1.1.5
23 silly idealTree ├── is-builtin-module@1.0.0
23 silly idealTree ├── is-dotfile@1.0.2
23 silly idealTree ├── is-equal-shallow@0.1.3
23 silly idealTree ├── is-extendable@0.1.1
23 silly idealTree ├── is-extglob@1.0.0
23 silly idealTree ├── is-finite@1.0.2
23 silly idealTree ├── is-fullwidth-code-point@1.0.0
23 silly idealTree ├── is-glob@2.0.1
23 silly idealTree ├── is-number@2.1.0
23 silly idealTree ├── is-posix-bracket@0.1.1
23 silly idealTree ├── is-primitive@2.0.0
23 silly idealTree ├── is-promise@2.1.0
23 silly idealTree ├── is-stream@1.1.0
23 silly idealTree ├── is-utf8@0.2.1
23 silly idealTree ├── isarray@1.0.0
23 silly idealTree ├── isobject@2.1.0
23 silly idealTree ├── js-tokens@3.0.1
23 silly idealTree ├── jsesc@1.3.0
23 silly idealTree ├── json-loader@0.5.4
23 silly idealTree ├── json-stable-stringify@1.0.1
23 silly idealTree ├── json-stringify-safe@5.0.1
23 silly idealTree ├── json5@0.5.1
23 silly idealTree ├── jsonify@0.0.0
23 silly idealTree ├── kind-of@3.1.0
23 silly idealTree ├── lazy-cache@1.0.4
23 silly idealTree ├── lcid@1.0.0
23 silly idealTree ├── load-json-file@1.1.0
23 silly idealTree ├── loader-runner@2.3.0
23 silly idealTree ├── loader-utils@1.1.0
23 silly idealTree ├── lodash@4.17.4
23 silly idealTree ├── log-symbols@1.0.2
23 silly idealTree ├── longest@1.0.1
23 silly idealTree ├── loose-envify@1.3.1
23 silly idealTree ├── map-obj@2.0.0
23 silly idealTree ├── media-typer@0.3.0
23 silly idealTree ├── memory-fs@0.4.1
23 silly idealTree ├── merge-descriptors@1.0.1
23 silly idealTree ├── methods@1.1.2
23 silly idealTree ├── micromatch@2.3.11
23 silly idealTree ├── miller-rabin@4.0.0
23 silly idealTree ├── mime-db@1.27.0
23 silly idealTree ├── mime-types@2.1.15
23 silly idealTree ├── mime@1.3.4
23 silly idealTree ├── mimic-fn@1.1.0
23 silly idealTree ├── min-document@2.19.0
23 silly idealTree ├── minimalistic-assert@1.0.0
23 silly idealTree ├── minimalistic-crypto-utils@1.0.1
23 silly idealTree ├── minimatch@3.0.3
23 silly idealTree ├── minimist@1.2.0
23 silly idealTree ├─┬ mkdirp@0.5.1
23 silly idealTree │ └── minimist@0.0.8
23 silly idealTree ├─┬ morgan@1.8.1
23 silly idealTree │ └── debug@2.6.1
23 silly idealTree ├── ms@0.7.2
23 silly idealTree ├── mute-stream@0.0.7
23 silly idealTree ├── nan@2.5.1
23 silly idealTree ├── negotiator@0.6.1
23 silly idealTree ├── node-emoji@1.5.1
23 silly idealTree ├─┬ node-libs-browser@2.0.0
23 silly idealTree │ └── process@0.11.9
23 silly idealTree ├── normalize-package-data@2.3.6
23 silly idealTree ├── normalize-path@2.1.1
23 silly idealTree ├── number-is-nan@1.0.1
23 silly idealTree ├── object-assign@4.1.1
23 silly idealTree ├── object-keys@1.0.11
23 silly idealTree ├── object.assign@4.0.4
23 silly idealTree ├── object.omit@2.0.1
23 silly idealTree ├── on-finished@2.3.0
23 silly idealTree ├── on-headers@1.0.1
23 silly idealTree ├── onetime@2.0.1
23 silly idealTree ├── opn@4.0.2
23 silly idealTree ├── ora@1.2.0
23 silly idealTree ├── os-browserify@0.2.1
23 silly idealTree ├── os-homedir@1.0.2
23 silly idealTree ├── os-locale@1.4.0
23 silly idealTree ├── os-tmpdir@1.0.2
23 silly idealTree ├── pako@0.2.9
23 silly idealTree ├── parse-asn1@5.1.0
23 silly idealTree ├── parse-glob@3.0.4
23 silly idealTree ├── parse-json@2.2.0
23 silly idealTree ├── parseurl@1.3.1
23 silly idealTree ├── path-browserify@0.0.0
23 silly idealTree ├── path-exists@2.1.0
23 silly idealTree ├── path-is-absolute@1.0.1
23 silly idealTree ├── path-to-regexp@0.1.7
23 silly idealTree ├── path-type@1.1.0
23 silly idealTree ├── pbkdf2@3.0.9
23 silly idealTree ├── pify@2.3.0
23 silly idealTree ├── pinkie-promise@2.0.1
23 silly idealTree ├── pinkie@2.0.4
23 silly idealTree ├── pkg-dir@1.0.0
23 silly idealTree ├── preserve@0.2.0
23 silly idealTree ├── private@0.1.7
23 silly idealTree ├── process-nextick-args@1.0.7
23 silly idealTree ├── process@0.5.2
23 silly idealTree ├── progress-bar-webpack-plugin@1.9.3
23 silly idealTree ├── progress@1.1.8
23 silly idealTree ├── proxy-addr@1.1.4
23 silly idealTree ├── prr@0.0.0
23 silly idealTree ├── public-encrypt@4.0.0
23 silly idealTree ├── punycode@1.4.1
23 silly idealTree ├── qs@6.4.0
23 silly idealTree ├── querystring-es3@0.2.1
23 silly idealTree ├── querystring@0.2.0
23 silly idealTree ├── quick-lru@1.0.0
23 silly idealTree ├── randomatic@1.1.6
23 silly idealTree ├── randombytes@2.0.3
23 silly idealTree ├── range-parser@1.2.0
23 silly idealTree ├── react-deep-force-update@1.0.1
23 silly idealTree ├── react-proxy@1.1.8
23 silly idealTree ├── react-transform-hmr@1.0.4
23 silly idealTree ├── read-pkg-up@1.0.1
23 silly idealTree ├── read-pkg@1.1.0
23 silly idealTree ├── readable-stream@2.2.6
23 silly idealTree ├── readdirp@2.1.0
23 silly idealTree ├── regenerate@1.3.2
23 silly idealTree ├── regenerator-runtime@0.10.3
23 silly idealTree ├── regenerator-transform@0.9.8
23 silly idealTree ├── regex-cache@0.4.3
23 silly idealTree ├── regexpu-core@2.0.0
23 silly idealTree ├── regjsgen@0.2.0
23 silly idealTree ├─┬ regjsparser@0.1.5
23 silly idealTree │ └── jsesc@0.5.0
23 silly idealTree ├── remove-trailing-separator@1.0.1
23 silly idealTree ├── repeat-element@1.1.2
23 silly idealTree ├── repeat-string@1.6.1
23 silly idealTree ├── repeating@2.0.1
23 silly idealTree ├── require-directory@2.1.1
23 silly idealTree ├── require-main-filename@1.0.1
23 silly idealTree ├── requireindex@1.1.0
23 silly idealTree ├── restore-cursor@2.0.0
23 silly idealTree ├── right-align@0.1.3
23 silly idealTree ├── ripemd160@1.0.1
23 silly idealTree ├── run-async@2.3.0
23 silly idealTree ├── rx@4.1.0
23 silly idealTree ├── semver@5.3.0
23 silly idealTree ├─┬ send@0.15.1
23 silly idealTree │ └── debug@2.6.1
23 silly idealTree ├── serialize-error@2.1.0
23 silly idealTree ├── serve-static@1.12.1
23 silly idealTree ├── set-blocking@2.0.0
23 silly idealTree ├── set-immediate-shim@1.0.1
23 silly idealTree ├── setimmediate@1.0.5
23 silly idealTree ├── setprototypeof@1.0.3
23 silly idealTree ├── sha.js@2.4.8
23 silly idealTree ├── signal-exit@3.0.2
23 silly idealTree ├── slash@1.0.0
23 silly idealTree ├── source-list-map@1.1.1
23 silly idealTree ├── source-map-support@0.4.14
23 silly idealTree ├── source-map@0.5.6
23 silly idealTree ├── spdx-correct@1.0.2
23 silly idealTree ├── spdx-expression-parse@1.0.4
23 silly idealTree ├── spdx-license-ids@1.2.2
23 silly idealTree ├── statuses@1.3.1
23 silly idealTree ├── stream-browserify@2.0.1
23 silly idealTree ├── stream-http@2.6.3
23 silly idealTree ├── string-width@1.0.2
23 silly idealTree ├── string.prototype.codepointat@0.2.0
23 silly idealTree ├── string_decoder@0.10.31
23 silly idealTree ├── strip-ansi@3.0.1
23 silly idealTree ├── strip-bom@2.0.0
23 silly idealTree ├── supports-color@2.0.0
23 silly idealTree ├── tapable@0.2.6
23 silly idealTree ├── through@2.3.8
23 silly idealTree ├── timers-browserify@2.0.2
23 silly idealTree ├── tmp@0.0.31
23 silly idealTree ├── to-arraybuffer@1.0.1
23 silly idealTree ├── to-fast-properties@1.0.2
23 silly idealTree ├── trim-right@1.0.1
23 silly idealTree ├── tty-browserify@0.0.0
23 silly idealTree ├── type-is@1.6.14
23 silly idealTree ├─┬ uglify-js@2.8.18
23 silly idealTree │ ├── camelcase@1.2.1
23 silly idealTree │ ├── cliui@2.1.0
23 silly idealTree │ └── yargs@3.10.0
23 silly idealTree ├── uglify-to-browserify@1.0.2
23 silly idealTree ├── ultron@1.1.0
23 silly idealTree ├── unpipe@1.0.0
23 silly idealTree ├─┬ url@0.11.0
23 silly idealTree │ └── punycode@1.3.2
23 silly idealTree ├── util-deprecate@1.0.2
23 silly idealTree ├─┬ util@0.10.3
23 silly idealTree │ └── inherits@2.0.1
23 silly idealTree ├── utils-merge@1.0.0
23 silly idealTree ├── validate-npm-package-license@3.0.1
23 silly idealTree ├── vary@1.1.1
23 silly idealTree ├── vm-browserify@0.0.4
23 silly idealTree ├─┬ watchpack@1.3.1
23 silly idealTree │ └── async@2.2.0
23 silly idealTree ├── webpack-dev-middleware@1.10.1
23 silly idealTree ├── webpack-sources@0.2.3
23 silly idealTree ├─┬ webpack@2.3.2
23 silly idealTree │ ├── async@2.2.0
23 silly idealTree │ ├── loader-utils@0.2.17
23 silly idealTree │ └── supports-color@3.2.3
23 silly idealTree ├── which-module@1.0.0
23 silly idealTree ├── window-size@0.1.0
23 silly idealTree ├── wordwrap@0.0.2
23 silly idealTree ├── wrap-ansi@2.1.0
23 silly idealTree ├── ws@2.2.2
23 silly idealTree ├── xtend@4.0.1
23 silly idealTree ├── y18n@3.2.1
23 silly idealTree ├─┬ yargs-parser@4.2.1
23 silly idealTree │ └── camelcase@3.0.0
23 silly idealTree └─┬ yargs@6.6.0
23 silly idealTree   └── camelcase@3.0.0
24 silly generateActionsToTake Starting
25 silly install generateActionsToTake
26 silly generateActionsToTake Finishing
27 silly diffTrees action count 0
28 silly decomposeActions action count 0
29 silly runTopLevelLifecycles Starting
30 silly install runPreinstallTopLevelLifecycles
31 silly preinstall sahusoft
32 info lifecycle undefined~preinstall: undefined
33 silly lifecycle undefined~preinstall: no script for preinstall, continuing
34 silly executeActions Starting
35 silly install executeActions
36 silly doSerial global-install 0
37 silly doParallel fetch 0
38 verbose correctMkdir /Users/sahusoft/.npm/_locks correctMkdir not in flight; initializing
39 verbose lock using /Users/sahusoft/.npm/_locks/staging-a4b383098cb888b1.lock for /Users/sahusoft/node_modules/.staging
40 verbose unlock done using /Users/sahusoft/.npm/_locks/staging-a4b383098cb888b1.lock for /Users/sahusoft/node_modules/.staging
41 silly rollbackFailedOptional Starting
42 silly rollbackFailedOptional Finishing
43 silly runTopLevelLifecycles Finishing
44 silly install printInstalled
45 warn enoent ENOENT: no such file or directory, open '/Users/sahusoft/package.json'
46 verbose enoent ENOENT: no such file or directory, open '/Users/sahusoft/package.json'
46 verbose enoent This is most likely not a problem with npm itself
46 verbose enoent and is related to npm not being able to find a file.
47 warn eslint-plugin-prettier@2.0.1 requires a peer of eslint@^3.14.1 but none was installed.
48 verbose If you need help, you may report this error at:
48 verbose     <https://github.com/npm/npm/issues>
49 warn eslint-plugin-prettier@2.0.1 requires a peer of prettier@>= 0.11.0 but none was installed.
50 verbose If you need help, you may report this error at:
50 verbose     <https://github.com/npm/npm/issues>
51 warn sahusoft No description
52 verbose If you need help, you may report this error at:
52 verbose     <https://github.com/npm/npm/issues>
53 warn sahusoft No repository field.
54 verbose If you need help, you may report this error at:
54 verbose     <https://github.com/npm/npm/issues>
55 warn sahusoft No README data
56 verbose If you need help, you may report this error at:
56 verbose     <https://github.com/npm/npm/issues>
57 warn sahusoft No license field.
58 verbose If you need help, you may report this error at:
58 verbose     <https://github.com/npm/npm/issues>
59 verbose stack Error: EACCES: permission denied, mkdir '/Users/sahusoft/node_modules/.staging'
60 verbose cwd /Users/sahusoft/Sites/projects/Docs/native-base-market-taxi-web-dashboard-docs
61 error Darwin 16.5.0
62 error argv "/usr/local/Cellar/node/7.6.0/bin/node" "/usr/local/bin/npm" "install"
63 error node v7.6.0
64 error npm  v4.1.2
65 error path /Users/sahusoft/node_modules/.staging
66 error code EACCES
67 error errno -13
68 error syscall mkdir
69 error Error: EACCES: permission denied, mkdir '/Users/sahusoft/node_modules/.staging'
69 error  { Error: EACCES: permission denied, mkdir '/Users/sahusoft/node_modules/.staging'
69 error   errno: -13,
69 error   code: 'EACCES',
69 error   syscall: 'mkdir',
69 error   path: '/Users/sahusoft/node_modules/.staging' }
70 error Please try running this command again as root/Administrator.
71 verbose exit [ -13, true ]
